[    0.000000] Linux version 4.15.0-121-generic (buildd@lgw01-amd64-034) (gcc version 7.5.0 (Ubuntu 7.5.0-3ubuntu1~18.04)) #123-Ubuntu SMP Mon Oct 5 16:16:40 UTC 2020 (Ubuntu 4.15.0-121.123-generic 4.15.18)
[    0.000000] Command line: BOOT_IMAGE=/boot/vmlinuz-4.15.0-121-generic root=LABEL=cloudimg-rootfs ro console=tty1 console=ttyS0
[    0.000000] KERNEL supported cpus:
[    0.000000]   Intel GenuineIntel
[    0.000000]   AMD AuthenticAMD
[    0.000000]   Centaur CentaurHauls
[    0.000000] x86/fpu: Supporting XSAVE feature 0x001: 'x87 floating point registers'
[    0.000000] x86/fpu: Supporting XSAVE feature 0x002: 'SSE registers'
[    0.000000] x86/fpu: Supporting XSAVE feature 0x004: 'AVX registers'
[    0.000000] x86/fpu: xstate_offset[2]:  576, xstate_sizes[2]:  256
[    0.000000] x86/fpu: Enabled xstate features 0x7, context size is 832 bytes, using 'standard' format.
[    0.000000] e820: BIOS-provided physical RAM map:
[    0.000000] BIOS-e820: [mem 0x0000000000000000-0x000000000009fbff] usable
[    0.000000] BIOS-e820: [mem 0x000000000009fc00-0x000000000009ffff] reserved
[    0.000000] BIOS-e820: [mem 0x00000000000f0000-0x00000000000fffff] reserved
[    0.000000] BIOS-e820: [mem 0x0000000000100000-0x000000001ffeffff] usable
[    0.000000] BIOS-e820: [mem 0x000000001fff0000-0x000000001fffffff] ACPI data
[    0.000000] BIOS-e820: [mem 0x00000000fec00000-0x00000000fec00fff] reserved
[    0.000000] BIOS-e820: [mem 0x00000000fee00000-0x00000000fee00fff] reserved
[    0.000000] BIOS-e820: [mem 0x00000000fffc0000-0x00000000ffffffff] reserved
[    0.000000] NX (Execute Disable) protection: active
[    0.000000] SMBIOS 2.5 present.
[    0.000000] DMI: innotek GmbH VirtualBox/VirtualBox, BIOS VirtualBox 12/01/2006
[    0.000000] Hypervisor detected: KVM
[    0.000000] e820: last_pfn = 0x1fff0 max_arch_pfn = 0x400000000
[    0.000000] MTRR: Disabled
[    0.000000] x86/PAT: MTRRs disabled, skipping PAT initialization too.
[    0.000000] CPU MTRRs all blank - virtualized system.
[    0.000000] x86/PAT: Configuration [0-7]: WB  WT  UC- UC  WB  WT  UC- UC  
[    0.000000] found SMP MP-table at [mem 0x0009fff0-0x0009ffff]
[    0.000000] Scanning 1 areas for low memory corruption
[    0.000000] RAMDISK: [mem 0x1db51000-0x1ee16fff]
[    0.000000] ACPI: Early table checksum verification disabled
[    0.000000] ACPI: RSDP 0x00000000000E0000 000024 (v02 VBOX  )
[    0.000000] ACPI: XSDT 0x000000001FFF0030 00003C (v01 VBOX   VBOXXSDT 00000001 ASL  00000061)
[    0.000000] ACPI: FACP 0x000000001FFF00F0 0000F4 (v04 VBOX   VBOXFACP 00000001 ASL  00000061)
[    0.000000] ACPI: DSDT 0x000000001FFF0470 002325 (v02 VBOX   VBOXBIOS 00000002 INTL 20120111)
[    0.000000] ACPI: FACS 0x000000001FFF0200 000040
[    0.000000] ACPI: FACS 0x000000001FFF0200 000040
[    0.000000] ACPI: APIC 0x000000001FFF0240 000054 (v02 VBOX   VBOXAPIC 00000001 ASL  00000061)
[    0.000000] ACPI: SSDT 0x000000001FFF02A0 0001CC (v01 VBOX   VBOXCPUT 00000002 INTL 20120111)
[    0.000000] No NUMA configuration found
[    0.000000] Faking a node at [mem 0x0000000000000000-0x000000001ffeffff]
[    0.000000] NODE_DATA(0) allocated [mem 0x1ffc5000-0x1ffeffff]
[    0.000000] kvm-clock: cpu 0, msr 0:1ff44001, primary cpu clock
[    0.000000] kvm-clock: Using msrs 4b564d01 and 4b564d00
[    0.000000] kvm-clock: using sched offset of 4626318737 cycles
[    0.000000] clocksource: kvm-clock: mask: 0xffffffffffffffff max_cycles: 0x1cd42e4dffb, max_idle_ns: 881590591483 ns
[    0.000000] Zone ranges:
[    0.000000]   DMA      [mem 0x0000000000001000-0x0000000000ffffff]
[    0.000000]   DMA32    [mem 0x0000000001000000-0x000000001ffeffff]
[    0.000000]   Normal   empty
[    0.000000]   Device   empty
[    0.000000] Movable zone start for each node
[    0.000000] Early memory node ranges
[    0.000000]   node   0: [mem 0x0000000000001000-0x000000000009efff]
[    0.000000]   node   0: [mem 0x0000000000100000-0x000000001ffeffff]
[    0.000000] Reserved but unavailable: 98 pages
[    0.000000] Initmem setup node 0 [mem 0x0000000000001000-0x000000001ffeffff]
[    0.000000] ACPI: PM-Timer IO Port: 0x4008
[    0.000000] IOAPIC[0]: apic_id 1, version 32, address 0xfec00000, GSI 0-23
[    0.000000] ACPI: INT_SRC_OVR (bus 0 bus_irq 0 global_irq 2 dfl dfl)
[    0.000000] ACPI: INT_SRC_OVR (bus 0 bus_irq 9 global_irq 9 low level)
[    0.000000] Using ACPI (MADT) for SMP configuration information
[    0.000000] smpboot: Allowing 1 CPUs, 0 hotplug CPUs
[    0.000000] PM: Registered nosave memory: [mem 0x00000000-0x00000fff]
[    0.000000] PM: Registered nosave memory: [mem 0x0009f000-0x0009ffff]
[    0.000000] PM: Registered nosave memory: [mem 0x000a0000-0x000effff]
[    0.000000] PM: Registered nosave memory: [mem 0x000f0000-0x000fffff]
[    0.000000] e820: [mem 0x20000000-0xfebfffff] available for PCI devices
[    0.000000] Booting paravirtualized kernel on KVM
[    0.000000] clocksource: refined-jiffies: mask: 0xffffffff max_cycles: 0xffffffff, max_idle_ns: 7645519600211568 ns
[    0.000000] random: get_random_bytes called from start_kernel+0x99/0x500 with crng_init=0
[    0.000000] setup_percpu: NR_CPUS:8192 nr_cpumask_bits:1 nr_cpu_ids:1 nr_node_ids:1
[    0.000000] percpu: Embedded 45 pages/cpu s147456 r8192 d28672 u2097152
[    0.000000] PV qspinlock hash table entries: 256 (order: 0, 4096 bytes)
[    0.000000] Built 1 zonelists, mobility grouping on.  Total pages: 128889
[    0.000000] Policy zone: DMA32
[    0.000000] Kernel command line: BOOT_IMAGE=/boot/vmlinuz-4.15.0-121-generic root=LABEL=cloudimg-rootfs ro console=tty1 console=ttyS0
[    0.000000] Memory: 467108K/523832K available (12300K kernel code, 2482K rwdata, 4272K rodata, 2436K init, 2724K bss, 56724K reserved, 0K cma-reserved)
[    0.000000] SLUB: HWalign=64, Order=0-3, MinObjects=0, CPUs=1, Nodes=1
[    0.000000] Kernel/User page tables isolation: enabled
[    0.000000] ftrace: allocating 39402 entries in 154 pages
[    0.004000] Hierarchical RCU implementation.
[    0.004000] 	RCU restricting CPUs from NR_CPUS=8192 to nr_cpu_ids=1.
[    0.004000] 	Tasks RCU enabled.
[    0.004000] RCU: Adjusting geometry for rcu_fanout_leaf=16, nr_cpu_ids=1
[    0.004000] NR_IRQS: 524544, nr_irqs: 256, preallocated irqs: 16
[    0.004000] Console: colour VGA+ 80x25
[    0.004000] console [tty1] enabled
[    0.004000] console [ttyS0] enabled
[    0.004000] ACPI: Core revision 20170831
[    0.004000] ACPI: 2 ACPI AML tables successfully acquired and loaded
[    0.004000] APIC: Switch to symmetric I/O mode setup
[    0.004000] x2apic enabled
[    0.004000] Switched APIC routing to physical x2apic.
[    0.004000] ..TIMER: vector=0x30 apic1=0 pin1=2 apic2=-1 pin2=-1
[    0.004004] tsc: Detected 2194.918 MHz processor
[    0.005412] Calibrating delay loop (skipped) preset value.. 4389.83 BogoMIPS (lpj=8779672)
[    0.008007] pid_max: default: 32768 minimum: 301
[    0.009351] Security Framework initialized
[    0.010527] Yama: becoming mindful.
[    0.012033] AppArmor: AppArmor initialized
[    0.013144] Dentry cache hash table entries: 65536 (order: 7, 524288 bytes)
[    0.014698] Inode-cache hash table entries: 32768 (order: 6, 262144 bytes)
[    0.016019] Mount-cache hash table entries: 1024 (order: 1, 8192 bytes)
[    0.017448] Mountpoint-cache hash table entries: 1024 (order: 1, 8192 bytes)
[    0.020258] process: using mwait in idle threads
[    0.021296] Last level iTLB entries: 4KB 1024, 2MB 1024, 4MB 1024
[    0.024005] Last level dTLB entries: 4KB 1024, 2MB 1024, 4MB 1024, 1GB 4
[    0.025702] Spectre V1 : Mitigation: usercopy/swapgs barriers and __user pointer sanitization
[    0.027773] Spectre V2 : Mitigation: Full generic retpoline
[    0.028005] Spectre V2 : Spectre v2 / SpectreRSB mitigation: Filling RSB on context switch
[    0.030136] Speculative Store Bypass: Vulnerable
[    0.032061] SRBDS: Unknown: Dependent on hypervisor status
[    0.033472] MDS: Mitigation: Clear CPU buffers
[    0.051297] Freeing SMP alternatives memory: 36K
[    0.162984] smpboot: CPU0: Intel(R) Core(TM) i7-4770HQ CPU @ 2.20GHz (family: 0x6, model: 0x46, stepping: 0x1)
[    0.164000] Performance Events: unsupported p6 CPU model 70 no PMU driver, software events only.
[    0.164041] Hierarchical SRCU implementation.
[    0.165873] NMI watchdog: Perf event create on CPU 0 failed with -2
[    0.167411] NMI watchdog: Perf NMI watchdog permanently disabled
[    0.168138] smp: Bringing up secondary CPUs ...
[    0.169363] smp: Brought up 1 node, 1 CPU
[    0.172004] smpboot: Max logical packages: 1
[    0.173371] smpboot: Total of 1 processors activated (4389.83 BogoMIPS)
[    0.175158] devtmpfs: initialized
[    0.176059] x86/mm: Memory block size: 128MB
[    0.177144] evm: security.selinux
[    0.177888] evm: security.SMACK64
[    0.178621] evm: security.SMACK64EXEC
[    0.179418] evm: security.SMACK64TRANSMUTE
[    0.180004] evm: security.SMACK64MMAP
[    0.180850] evm: security.apparmor
[    0.181633] evm: security.ima
[    0.182397] evm: security.capability
[    0.183412] clocksource: jiffies: mask: 0xffffffff max_cycles: 0xffffffff, max_idle_ns: 7645041785100000 ns
[    0.184016] futex hash table entries: 256 (order: 2, 16384 bytes)
[    0.188170] pinctrl core: initialized pinctrl subsystem
[    0.189703] RTC time: 12:07:11, date: 06/21/21
[    0.190885] NET: Registered protocol family 16
[    0.192074] audit: initializing netlink subsys (disabled)
[    0.193530] cpuidle: using governor ladder
[    0.194596] cpuidle: using governor menu
[    0.196074] ACPI: bus type PCI registered
[    0.197908] acpiphp: ACPI Hot Plug PCI Controller Driver version: 0.5
[    0.200010] audit: type=2000 audit(1624277236.580:1): state=initialized audit_enabled=0 res=1
[    0.202022] PCI: Using configuration type 1 for base access
[    0.205130] HugeTLB registered 2.00 MiB page size, pre-allocated 0 pages
[    0.207031] ACPI: Added _OSI(Module Device)
[    0.207965] ACPI: Added _OSI(Processor Device)
[    0.208007] ACPI: Added _OSI(3.0 _SCP Extensions)
[    0.209238] ACPI: Added _OSI(Processor Aggregator Device)
[    0.210578] ACPI: Added _OSI(Linux-Dell-Video)
[    0.212006] ACPI: Added _OSI(Linux-Lenovo-NV-HDMI-Audio)
[    0.213272] ACPI: Added _OSI(Linux-HPI-Hybrid-Graphics)
[    0.215186] ACPI: Executed 1 blocks of module-level executable AML code
[    0.221486] ACPI: Interpreter enabled
[    0.223034] ACPI: (supports S0 S5)
[    0.223935] ACPI: Using IOAPIC for interrupt routing
[    0.224252] PCI: Using host bridge windows from ACPI; if necessary, use "pci=nocrs" and report a bug
[    0.228385] ACPI: Enabled 2 GPEs in block 00 to 07
[    0.238763] ACPI: PCI Root Bridge [PCI0] (domain 0000 [bus 00-ff])
[    0.240011] acpi PNP0A03:00: _OSC: OS supports [ASPM ClockPM Segments MSI]
[    0.242105] acpi PNP0A03:00: _OSC: not requesting OS control; OS requires [ExtendedConfig ASPM ClockPM MSI]
[    0.244019] acpi PNP0A03:00: fail to add MMCONFIG information, can't access extended PCI configuration space under this bridge.
[    0.248069] PCI host bridge to bus 0000:00
[    0.249282] pci_bus 0000:00: root bus resource [io  0x0000-0x0cf7 window]
[    0.250856] pci_bus 0000:00: root bus resource [io  0x0d00-0xffff window]
[    0.252005] pci_bus 0000:00: root bus resource [mem 0x000a0000-0x000bffff window]
[    0.253997] pci_bus 0000:00: root bus resource [mem 0x20000000-0xfdffffff window]
[    0.255611] pci_bus 0000:00: root bus resource [bus 00-ff]
[    0.261696] pci 0000:00:01.1: legacy IDE quirk: reg 0x10: [io  0x01f0-0x01f7]
[    0.263312] pci 0000:00:01.1: legacy IDE quirk: reg 0x14: [io  0x03f6]
[    0.264006] pci 0000:00:01.1: legacy IDE quirk: reg 0x18: [io  0x0170-0x0177]
[    0.266278] pci 0000:00:01.1: legacy IDE quirk: reg 0x1c: [io  0x0376]
[    0.284231] pci 0000:00:07.0: quirk: [io  0x4000-0x403f] claimed by PIIX4 ACPI
[    0.286212] pci 0000:00:07.0: quirk: [io  0x4100-0x410f] claimed by PIIX4 SMB
[    0.297939] ACPI: PCI Interrupt Link [LNKA] (IRQs 5 9 10 *11)
[    0.299538] ACPI: PCI Interrupt Link [LNKB] (IRQs 5 9 *10 11)
[    0.300140] ACPI: PCI Interrupt Link [LNKC] (IRQs 5 *9 10 11)
[    0.301531] ACPI: PCI Interrupt Link [LNKD] (IRQs 5 9 10 *11)
[    0.304375] SCSI subsystem initialized
[    0.305622] pci 0000:00:02.0: vgaarb: setting as boot VGA device
[    0.307316] pci 0000:00:02.0: vgaarb: VGA device added: decodes=io+mem,owns=io+mem,locks=none
[    0.308008] pci 0000:00:02.0: vgaarb: bridge control possible
[    0.309469] vgaarb: loaded
[    0.310241] ACPI: bus type USB registered
[    0.312032] usbcore: registered new interface driver usbfs
[    0.313276] usbcore: registered new interface driver hub
[    0.314748] usbcore: registered new device driver usb
[    0.316115] EDAC MC: Ver: 3.0.0
[    0.317957] PCI: Using ACPI for IRQ routing
[    0.320478] NetLabel: Initializing
[    0.321909] NetLabel:  domain hash size = 128
[    0.323810] NetLabel:  protocols = UNLABELED CIPSOv4 CALIPSO
[    0.324040] NetLabel:  unlabeled traffic allowed by default
[    0.325459] clocksource: Switched to clocksource kvm-clock
[    0.348144] VFS: Disk quotas dquot_6.6.0
[    0.349153] VFS: Dquot-cache hash table entries: 512 (order 0, 4096 bytes)
[    0.351052] AppArmor: AppArmor Filesystem Enabled
[    0.353556] pnp: PnP ACPI init
[    0.356415] pnp: PnP ACPI: found 3 devices
[    0.362703] clocksource: acpi_pm: mask: 0xffffff max_cycles: 0xffffff, max_idle_ns: 2085701024 ns
[    0.365813] NET: Registered protocol family 2
[    0.368155] TCP established hash table entries: 4096 (order: 3, 32768 bytes)
[    0.369810] TCP bind hash table entries: 4096 (order: 4, 65536 bytes)
[    0.371331] TCP: Hash tables configured (established 4096 bind 4096)
[    0.372932] UDP hash table entries: 256 (order: 1, 8192 bytes)
[    0.374169] UDP-Lite hash table entries: 256 (order: 1, 8192 bytes)
[    0.375535] NET: Registered protocol family 1
[    0.376663] pci 0000:00:00.0: Limiting direct PCI/PCI transfers
[    0.378007] pci 0000:00:01.0: Activating ISA DMA hang workarounds
[    0.379684] pci 0000:00:02.0: Video device with shadowed ROM at [mem 0x000c0000-0x000dffff]
[    0.382902] Unpacking initramfs...
[    0.685380] Freeing initrd memory: 19224K
[    0.686488] clocksource: tsc: mask: 0xffffffffffffffff max_cycles: 0x1fa37202099, max_idle_ns: 440795206796 ns
[    0.689146] platform rtc_cmos: registered platform RTC device (no PNP device found)
[    0.691066] Scanning for low memory corruption every 60 seconds
[    0.693081] Initialise system trusted keyrings
[    0.694172] Key type blacklist registered
[    0.695126] workingset: timestamp_bits=36 max_order=17 bucket_order=0
[    0.697489] zbud: loaded
[    0.698512] squashfs: version 4.0 (2009/01/31) Phillip Lougher
[    0.699961] fuse init (API version 7.26)
[    0.701527] Key type asymmetric registered
[    0.702806] Asymmetric key parser 'x509' registered
[    0.704176] Block layer SCSI generic (bsg) driver version 0.4 loaded (major 246)
[    0.705977] io scheduler noop registered
[    0.706995] io scheduler deadline registered
[    0.708056] io scheduler cfq registered (default)
[    0.709757] ACPI: AC Adapter [AC] (off-line)
[    0.710796] input: Power Button as /devices/LNXSYSTM:00/LNXPWRBN:00/input/input0
[    0.712643] ACPI: Power Button [PWRF]
[    0.713631] input: Sleep Button as /devices/LNXSYSTM:00/LNXSLPBN:00/input/input1
[    0.716018] ACPI: Sleep Button [SLPF]
[    0.718929] ACPI: Battery Slot [BAT0] (battery present)
[    0.720811] Serial: 8250/16550 driver, 32 ports, IRQ sharing enabled
[    0.744514] 00:02: ttyS0 at I/O 0x3f8 (irq = 4, base_baud = 115200) is a 16550A
[    0.748951] Linux agpgart interface v0.103
[    0.750747] loop: module loaded
[    0.752390] scsi host0: ata_piix
[    0.753371] scsi host1: ata_piix
[    0.754169] ata1: PATA max UDMA/33 cmd 0x1f0 ctl 0x3f6 bmdma 0xd000 irq 14
[    0.757836] ata2: PATA max UDMA/33 cmd 0x170 ctl 0x376 bmdma 0xd008 irq 15
[    0.760729] libphy: Fixed MDIO Bus: probed
[    0.761717] tun: Universal TUN/TAP device driver, 1.6
[    0.762912] PPP generic driver version 2.4.2
[    0.764013] ehci_hcd: USB 2.0 'Enhanced' Host Controller (EHCI) Driver
[    0.765491] ehci-pci: EHCI PCI platform driver
[    0.766654] ehci-platform: EHCI generic platform driver
[    0.767989] ohci_hcd: USB 1.1 'Open' Host Controller (OHCI) Driver
[    0.769724] ohci-pci: OHCI PCI platform driver
[    0.771780] ohci-pci 0000:00:06.0: OHCI PCI host controller
[    0.773223] ohci-pci 0000:00:06.0: new USB bus registered, assigned bus number 1
[    0.774884] ohci-pci 0000:00:06.0: irq 22, io mem 0xf0804000
[    0.836511] usb usb1: New USB device found, idVendor=1d6b, idProduct=0001
[    0.838382] usb usb1: New USB device strings: Mfr=3, Product=2, SerialNumber=1
[    0.840019] usb usb1: Product: OHCI PCI host controller
[    0.841808] usb usb1: Manufacturer: Linux 4.15.0-121-generic ohci_hcd
[    0.843496] usb usb1: SerialNumber: 0000:00:06.0
[    0.844713] hub 1-0:1.0: USB hub found
[    0.845574] hub 1-0:1.0: 12 ports detected
[    0.847369] ohci-platform: OHCI generic platform driver
[    0.848700] uhci_hcd: USB Universal Host Controller Interface driver
[    0.850095] i8042: PNP: PS/2 Controller [PNP0303:PS2K,PNP0f03:PS2M] at 0x60,0x64 irq 1,12
[    0.852722] serio: i8042 KBD port at 0x60,0x64 irq 1
[    0.853852] serio: i8042 AUX port at 0x60,0x64 irq 12
[    0.854993] mousedev: PS/2 mouse device common for all mice
[    0.856484] input: AT Translated Set 2 keyboard as /devices/platform/i8042/serio0/input/input2
[    0.859022] rtc_cmos rtc_cmos: rtc core: registered rtc_cmos as rtc0
[    0.860873] rtc_cmos rtc_cmos: alarms up to one day, 114 bytes nvram
[    0.862527] i2c /dev entries driver
[    0.863695] device-mapper: uevent: version 1.0.3
[    0.865027] device-mapper: ioctl: 4.37.0-ioctl (2017-09-20) initialised: dm-devel@redhat.com
[    0.867039] ledtrig-cpu: registered to indicate activity on CPUs
[    0.868796] NET: Registered protocol family 10
[    0.873143] Segment Routing with IPv6
[    0.874022] NET: Registered protocol family 17
[    0.875157] Key type dns_resolver registered
[    0.876784] mce: Using 0 MCE banks
[    0.877569] RAS: Correctable Errors collector initialized.
[    0.878824] sched_clock: Marking stable (876675806, 0)->(1115728522, -239052716)
[    0.880680] registered taskstats version 1
[    0.881702] Loading compiled-in X.509 certificates
[    0.885687] Loaded X.509 cert 'Build time autogenerated kernel key: 517b2180bafe62ad6f81db3336688475b28504c0'
[    0.890630] zswap: loaded using pool lzo/zbud
[    0.895195] Key type big_key registered
[    0.896129] Key type trusted registered
[    0.898249] Key type encrypted registered
[    0.899237] AppArmor: AppArmor sha1 policy hashing enabled
[    0.900512] ima: No TPM chip found, activating TPM-bypass! (rc=-19)
[    0.902511] ima: Allocated hash algorithm: sha1
[    0.904312] evm: HMAC attrs: 0x1
[    0.905605]   Magic number: 9:913:127
[    0.906599] acpi device:02: hash matches
[    0.907814] rtc_cmos rtc_cmos: setting system clock to 2021-06-21 12:07:11 UTC (1624277231)
[    0.910038] BIOS EDD facility v0.16 2004-Jun-25, 0 devices found
[    0.911599] EDD information not available.
[    0.945844] Freeing unused kernel image memory: 2436K
[    0.956523] Write protecting the kernel read-only data: 20480k
[    0.958338] Freeing unused kernel image memory: 2008K
[    0.959782] Freeing unused kernel image memory: 1872K
[    0.967622] x86/mm: Checked W+X mappings: passed, no W+X pages found.
[    0.969711] x86/mm: Checking user space page tables
[    0.976994] x86/mm: Checked W+X mappings: passed, no W+X pages found.
Loading, please wait...
starting version 237
[    1.138799] e1000: Intel(R) PRO/1000 Network Driver - version 7.3.21-k8-NAPI
[    1.140419] e1000: Copyright (c) 1999-2006 Intel Corporation.
[    1.146662] Fusion MPT base driver 3.04.20
[    1.148100] Copyright (c) 1999-2008 LSI Corporation
[    1.174351] Fusion MPT SPI Host driver 3.04.20
[    1.207049] AVX2 version of gcm_enc/dec engaged.
[    1.208726] AES CTR mode by8 optimization enabled
[    1.362003] input: ImExPS/2 Generic Explorer Mouse as /devices/platform/i8042/serio1/input/input4
[    1.631746] e1000 0000:00:03.0 eth0: (PCI:33MHz:32-bit) 02:c6:b0:25:69:cb
[    1.633776] e1000 0000:00:03.0 eth0: Intel(R) PRO/1000 Network Connection
[    1.636854] mptbase: ioc0: Initiating bringup
[    1.733220] ioc0: LSI53C1030 A0: Capabilities={Initiator}
[    1.974533] scsi host2: ioc0: LSI53C1030 A0, FwRev=00000000h, Ports=1, MaxQ=256, IRQ=20
[    2.144910] scsi 2:0:0:0: Direct-Access     VBOX     HARDDISK         1.0  PQ: 0 ANSI: 5
[    2.147082] scsi target2:0:0: Beginning Domain Validation
[    2.152644] random: fast init done
[    2.154260] scsi target2:0:0: Domain Validation skipping write tests
[    2.156427] scsi target2:0:0: Ending Domain Validation
[    2.158218] scsi target2:0:0: asynchronous
[    2.160259] scsi 2:0:1:0: Direct-Access     VBOX     HARDDISK         1.0  PQ: 0 ANSI: 5
[    2.162156] scsi target2:0:1: Beginning Domain Validation
[    2.164887] scsi target2:0:1: Domain Validation skipping write tests
[    2.168087] scsi target2:0:1: Ending Domain Validation
[    2.170465] scsi target2:0:1: asynchronous
[    2.177840] random: systemd-udevd: uninitialized urandom read (16 bytes read)
[    2.179630] random: systemd-udevd: uninitialized urandom read (16 bytes read)
[    2.182719] sd 2:0:0:0: Attached scsi generic sg0 type 0
[    2.193583] sd 2:0:0:0: [sda] 20971520 512-byte logical blocks: (10.7 GB/10.0 GiB)
[    2.196735] sd 2:0:0:0: [sda] Write Protect is off
[    2.199115] sd 2:0:1:0: Attached scsi generic sg1 type 0
[    2.201272] sd 2:0:1:0: [sdb] 20480 512-byte logical blocks: (10.5 MB/10.0 MiB)
[    2.203106] sd 2:0:0:0: [sda] Incomplete mode parameter data
[    2.205542] sd 2:0:0:0: [sda] Assuming drive cache: write through
[    2.209371] sd 2:0:1:0: [sdb] Write Protect is off
[    2.211218] random: systemd-udevd: uninitialized urandom read (16 bytes read)
[    2.213868] sd 2:0:1:0: [sdb] Incomplete mode parameter data
[    2.215427] sd 2:0:1:0: [sdb] Assuming drive cache: write through
[    2.235024]  sda: sda1
[    2.246463] sd 2:0:1:0: [sdb] Attached SCSI disk
[    2.248805] sd 2:0:0:0: [sda] Attached SCSI disk
[    2.682092] e1000 0000:00:08.0 eth1: (PCI:33MHz:32-bit) 08:00:27:7a:1b:20
[    2.683712] e1000 0000:00:08.0 eth1: Intel(R) PRO/1000 Network Connection
[    2.687612] e1000 0000:00:08.0 enp0s8: renamed from eth1
[    2.697660] e1000 0000:00:03.0 enp0s3: renamed from eth0
Begin: Loading essential drivers ... [    4.164236] raid6: sse2x1   gen()  8866 MB/s
[    4.212033] raid6: sse2x1   xor()  6251 MB/s
[    4.260425] raid6: sse2x2   gen() 10988 MB/s
[    4.308580] raid6: sse2x2   xor()  7169 MB/s
[    4.356170] raid6: sse2x4   gen() 12347 MB/s
[    4.404319] raid6: sse2x4   xor()  7450 MB/s
[    4.452200] raid6: avx2x1   gen() 15375 MB/s
[    4.500263] raid6: avx2x1   xor()  8610 MB/s
[    4.548304] raid6: avx2x2   gen() 14096 MB/s
[    4.596108] raid6: avx2x2   xor() 11944 MB/s
[    4.644474] raid6: avx2x4   gen() 22298 MB/s
[    4.692147] raid6: avx2x4   xor() 14192 MB/s
[    4.693413] raid6: using algorithm avx2x4 gen() 22298 MB/s
[    4.695020] raid6: .... xor() 14192 MB/s, rmw enabled
[    4.696483] raid6: using avx2x2 recovery algorithm
[    4.699434] xor: automatically using best checksumming function   avx       
[    4.702867] async_tx: api initialized (async)
done.
Begin: Running /scripts/init-premount ... done.
Begin: Mounting root file system ... Begin: Running /scripts/local-top ... done.
Begin: Running /scripts/local-premount ... [    4.772294] Btrfs loaded, crc32c=crc32c-intel
Scanning for Btrfs filesystems
done.
Warning: fsck not present, so skipping root file system
[    4.811939] EXT4-fs (sda1): mounted filesystem with ordered data mode. Opts: (null)
done.
Begin: Running /scripts/local-bottom ... done.
Begin: Running /scripts/init-bottom ... done.
[    4.995786] ip_tables: (C) 2000-2006 Netfilter Core Team
[    5.007109] systemd[1]: systemd 237 running in system mode. (+PAM +AUDIT +SELINUX +IMA +APPARMOR +SMACK +SYSVINIT +UTMP +LIBCRYPTSETUP +GCRYPT +GNUTLS +ACL +XZ +LZ4 +SECCOMP +BLKID +ELFUTILS +KMOD -IDN2 +IDN -PCRE2 default-hierarchy=hybrid)
[    5.012763] systemd[1]: Detected virtualization oracle.
[    5.014164] systemd[1]: Detected architecture x86-64.

Welcome to [1mUbuntu 18.04.5 LTS[0m!

[    5.018373] systemd[1]: Set hostname to <ubuntu>.
[    5.027742] systemd[1]: Initializing machine ID from random generator.
[    5.029712] systemd[1]: Installed transient /etc/machine-id file.
[    5.308125] systemd[1]: Set up automount Arbitrary Executable File Formats File System Automount Point.
[[0;32m  OK  [0m] Set up automount Arbitrary Executab…rmats File System Automount Point.
[    5.311913] systemd[1]: Reached target Swap.
[[0;32m  OK  [0m] Reached target Swap.
[    5.314130] systemd[1]: Started Forward Password Requests to Wall Directory Watch.
[[0;32m  OK  [0m] Started Forward Password Requests to Wall Directory Watch.
[    5.317339] systemd[1]: Reached target User and Group Name Lookups.
[[0;32m  OK  [0m] Reached target User and Group Name Lookups.
[[0;32m  OK  [0m] Created slice System Slice.
[[0;32m  OK  [0m] Listening on udev Kernel Socket.
[[0;32m  OK  [0m] Listening on LVM2 metadata daemon socket.
[[0;32m  OK  [0m] Listening on Journal Audit Socket.
[[0;32m  OK  [0m] Created slice system-serial\x2dgetty.slice.
[[0;32m  OK  [0m] Listening on Network Service Netlink Socket.
[[0;32m  OK  [0m] Listening on LVM2 poll daemon socket.
[[0;32m  OK  [0m] Listening on /dev/initctl Compatibility Named Pipe.
[[0;32m  OK  [0m] Listening on Device-mapper event daemon FIFOs.
[[0;32m  OK  [0m] Listening on udev Control Socket.
[[0;32m  OK  [0m] Listening on Journal Socket.
         Starting Uncomplicated firewall...
         Starting Monitoring of LVM2 mirrors…ng dmeventd or progress polling...
         Starting Create list of required st…ce nodes for the current kernel...
         Starting udev Coldplug all Devices...
         Starting Load Kernel Modules...
         Mounting Kernel Debug File System...
[[0;32m  OK  [0m] Listening on Syslog Socket.
         Mounting POSIX Message Queue File System...
[[0;32m  OK  [0m] Reached target System Time Synchronized.
         Mounting Huge Pages File System...
[[0;32m  OK  [0m] Created slice User and Session Slice.
[[0;32m  OK  [0m] Reached target Slices.
         Starting Set the console keyboard layout...
[[0;32m  OK  [0m] Listening on Journal Socket (/dev/log).
         Starting Journal Service...
         Starting Remount Root and Kernel File Systems...
[[0;32m  OK  [0m] Started Uncomplicated firewall.
[[0;32m  OK  [0m] Started Create list of required sta…vice nodes for the current kernel.
[[0;32m  OK  [0m] Started LVM2 metadata daemon.
[    5.471103] Loading iSCSI transport class v2.0-870.
         Starting Create Static Device Nodes in /dev...
[[0;32m  OK  [0m] Mounted Kernel Debug File System.
[[0;32m  OK  [0m] Mounted POSIX Message Queue File System.
[[0;32m  OK  [0m] Mounted Huge Pages File System.
[    5.548002] iscsi: registered transport (tcp)
[    5.572027] EXT4-fs (sda1): re-mounted. Opts: (null)
[[0;32m  OK  [0m] Started Remount Root and Kernel File Systems.
         Starting Load/Save Random Seed...
[[0;32m  OK  [0m] Started Monitoring of LVM2 mirrors,…sing dmeventd or progress polling.
[[0;32m  OK  [0m] Started Journal Service.
[[0;32m  OK  [0m] Started udev Coldplug all Devices.
[[0;32m  OK  [0m] Started Load/Save Random Seed.
         Starting Flush Journal to Persistent Storage...
[    5.637942] iscsi: registered transport (iser)
[[0;32m  OK  [0m] Started Load Kernel Modules.
         Mounting FUSE Control File System...
         Starting Apply Kernel Variables...
         Mounting Kernel Configuration File System...
[[0;32m  OK  [0m] Mounted Kernel Configuration File System.
[[0;32m  OK  [0m] Mounted FUSE Control File System.
[    5.681815] systemd-journald[405]: Received request to flush runtime journal from PID 1
[[0;32m  OK  [0m] Started Create Static Device Nodes in /dev.
         Starting udev Kernel Device Manager...
[[0;32m  OK  [0m] Started Apply Kernel Variables.
[[0;32m  OK  [0m] Started Flush Journal to Persistent Storage.
[[0;32m  OK  [0m] Started udev Kernel Device Manager.
[[0;32m  OK  [0m] Started Set the console keyboard layout.
[[0;32m  OK  [0m] Started Dispatch Password Requests to Console Directory Watch.
[[0;32m  OK  [0m] Reached target Local Encrypted Volumes.
[[0;32m  OK  [0m] Reached target Local File Systems (Pre).
[[0;32m  OK  [0m] Reached target Local File Systems.
         Starting AppArmor initialization...
         Starting Tell Plymouth To Write Out Runtime Data...
         Starting Set console font and keymap...
         Starting Commit a transient machine-id on disk...
         Starting Create Volatile Files and Directories...
         Starting ebtables ruleset management...
[[0;32m  OK  [0m] Started Tell Plymouth To Write Out Runtime Data.
[[0;32m  OK  [0m] Started Set console font and keymap.
[[0;32m  OK  [0m] Started Commit a transient machine-id on disk.
[[0;32m  OK  [0m] Started Create Volatile Files and Directories.
         Starting Update UTMP about System Boot/Shutdown...
[[0;32m  OK  [0m] Started Update UTMP about System Boot/Shutdown.
[[0;32m  OK  [0m] Started ebtables ruleset management.
[[0;32m  OK  [0m] Found device /dev/ttyS0.
[[0;32m  OK  [0m] Listening on Load/Save RF Kill Switch Status /dev/rfkill Watch.
[[0;32m  OK  [0m] Started AppArmor initialization.
         Starting Initial cloud-init job (pre-networking)...
         Starting Load AppArmor profiles managed internally by snapd...
[[0;32m  OK  [0m] Started Load AppArmor profiles managed internally by snapd.
[    9.059223] cloud-init[556]: Cloud-init v. 20.3-2-g371b392c-0ubuntu1~18.04.1 running 'init-local' at Mon, 21 Jun 2021 12:07:19 +0000. Up 8.67 seconds.
[[0;32m  OK  [0m] Started Initial cloud-init job (pre-networking).
[[0;32m  OK  [0m] Reached target Network (Pre).
         Starting Network Service...
[[0;32m  OK  [0m] Started Network Service.
         Starting Network Name Resolution...
         Starting Wait for Network to be Configured...
[[0;32m  OK  [0m] Started Network Name Resolution.
[[0;32m  OK  [0m] Reached target Host and Network Name Lookups.
[[0;32m  OK  [0m] Reached target Network.
[[0;32m  OK  [0m] Started Wait for Network to be Configured.
         Starting Initial cloud-init job (metadata service crawler)...
[   11.010645] cloud-init[637]: Cloud-init v. 20.3-2-g371b392c-0ubuntu1~18.04.1 running 'init' at Mon, 21 Jun 2021 12:07:21 +0000. Up 10.79 seconds.
[   11.021937] cloud-init[637]: ci-info: ++++++++++++++++++++++++++++++++++++++Net device info+++++++++++++++++++++++++++++++++++++++
[   11.025897] cloud-init[637]: ci-info: +--------+-------+----------------------------+---------------+--------+-------------------+
[   11.037076] cloud-init[637]: ci-info: | Device |   Up  |          Address           |      Mask     | Scope  |     Hw-Address    |
[   11.042517] cloud-init[637]: ci-info: +--------+-------+----------------------------+---------------+--------+-------------------+
[   11.052559] cloud-init[637]: ci-info: | enp0s3 |  True |         10.0.2.15          | 255.255.255.0 | global | 02:c6:b0:25:69:cb |
[   11.070698] cloud-init[637]: ci-info: | enp0s3 |  True | fe80::c6:b0ff:fe25:69cb/64 |       .       |  link  | 02:c6:b0:25:69:cb |
[   11.083237] cloud-init[637]: ci-info: | enp0s8 | False |             .              |       .       |   .    | 08:00:27:7a:1b:20 |
[   11.091074] cloud-init[637]: ci-info: |   lo   |  True |         127.0.0.1          |   255.0.0.0   |  host  |         .         |
[   11.099358] cloud-init[637]: ci-info: |   lo   |  True |          ::1/128           |       .       |  host  |         .         |
[   11.105404] cloud-init[637]: ci-info: +--------+-------+----------------------------+---------------+--------+-------------------+
[   11.112376] cloud-init[637]: ci-info: ++++++++++++++++++++++++++++Route IPv4 info+++++++++++++++++++++++++++++
[   11.116414] cloud-init[637]: ci-info: +-------+-------------+----------+-----------------+-----------+-------+
[   11.119288] cloud-init[637]: ci-info: | Route | Destination | Gateway  |     Genmask     | Interface | Flags |
[   11.123969] cloud-init[637]: ci-info: +-------+-------------+----------+-----------------+-----------+-------+
[   11.130375] cloud-init[637]: ci-info: |   0   |   0.0.0.0   | 10.0.2.2 |     0.0.0.0     |   enp0s3  |   UG  |
[   11.132283] cloud-init[637]: ci-info: |   1   |   10.0.2.0  | 0.0.0.0  |  255.255.255.0  |   enp0s3  |   U   |
[   11.144305] cloud-init[637]: ci-info: |   2   |   10.0.2.2  | 0.0.0.0  | 255.255.255.255 |   enp0s3  |   UH  |
[   11.157997] cloud-init[637]: ci-info: +-------+-------------+----------+-----------------+-----------+-------+
[   11.163752] cloud-init[637]: ci-info: +++++++++++++++++++Route IPv6 info+++++++++++++++++++
[   11.166677] cloud-init[637]: ci-info: +-------+-------------+---------+-----------+-------+
[   11.169636] cloud-init[637]: ci-info: | Route | Destination | Gateway | Interface | Flags |
[   11.184640] cloud-init[637]: ci-info: +-------+-------------+---------+-----------+-------+
[   11.186534] cloud-init[637]: ci-info: |   1   |  fe80::/64  |    ::   |   enp0s3  |   U   |
[   11.191439] cloud-init[637]: ci-info: |   3   |    local    |    ::   |   enp0s3  |   U   |
[   11.193906] cloud-init[637]: ci-info: |   4   |   ff00::/8  |    ::   |   enp0s3  |   U   |
[   11.203577] cloud-init[637]: ci-info: +-------+-------------+---------+-----------+-------+
[   12.014284] cloud-init[637]: Generating public/private rsa key pair.
[   12.018458] cloud-init[637]: Your identification has been saved in /etc/ssh/ssh_host_rsa_key.
[   12.021446] cloud-init[637]: Your public key has been saved in /etc/ssh/ssh_host_rsa_key.pub.
[   12.029147] cloud-init[637]: The key fingerprint is:
[   12.040501] cloud-init[637]: SHA256:WppLum3tGx7FRFS82wUHU3Oa6jepj3l7Xe5MXEMbYwA root@ubuntu-bionic
[   12.044445] cloud-init[637]: The key's randomart image is:
[   12.056426] cloud-init[637]: +---[RSA 2048]----+
[   12.057943] cloud-init[637]: |         .oEo.o+o|
[   12.059287] cloud-init[637]: |         .  . o++|
[   12.061322] cloud-init[637]: |          .  .oB |
[   12.064355] cloud-init[637]: |         o  ..o =|
[   12.073064] cloud-init[637]: |        S o .o +.|
[   12.076298] cloud-init[637]: |       = . .. .o+|
[   12.077905] cloud-init[637]: |      =.o   . +.=|
[   12.084399] cloud-init[637]: |     +.o.o   =.++|
[   12.096400] cloud-init[637]: |    ooo.+.  +oo+o|
[   12.111985] cloud-init[637]: +----[SHA256]-----+
[   12.124357] cloud-init[637]: Generating public/private dsa key pair.
[[0;32m  OK  [0m] Started Initial cloud-init job (metadata service crawler).
[[0;32m  OK  [0m] Reached target Cloud-config availability.
[[0;32m  OK  [0m] Reached target Network is Online.[   12.139396] cloud-init[637]: Your identification has been saved in /etc/ssh/ssh_host_dsa_key.
[   12.158678] cloud-init[637]: Your public key has been saved in /etc/ssh/ssh_host_dsa_key.pub.

[[0;32m  OK  [0m] Reached target Remote File Systems (Pre).
[[0;32m  OK  [0m] Reached target Remote File Systems.
         Starting Availability of block devices...[   12.168478] cloud-init[637]: The key fingerprint is:
[   12.170363] cloud-init[637]: SHA256:P5DKt3Q4PNIeeCB3vqc2l/PQzX//4cu8hcD2KU6osvw root@ubuntu-bionic

[[0;32m  OK  [0m] Reached target System Initialization.
[[0;32m  OK  [0m] Listening on D-Bus System Message Bus Socket.[   12.183581] cloud-init[637]: The key's randomart image is:
[   12.189949] cloud-init[637]: +---[DSA 1024]----+
[   12.191094] cloud-init[637]: |                 |
[[0;32m  OK  [0m] Started Message of the Day.
[[0;32m  OK  [0m] Started Discard unused blocks once a week.
[[0;32m  OK  [0m] Started Daily apt download activities.
[[0;32m  OK  [0m] Started Daily apt upgrade and clean activities.
[[0;32m  OK  [0m] Listening on UUID daemon activation socket.
[[0;32m  OK  [0m] Started Daily Cleanup of Temporary Directories.
[[0;32m  OK  [0m] Reached target Timers.

[   12.207649] cloud-init         Starting Socket activation for snappy daemon.
[637]: |                 |
[   12.227485] cloud-init[[0;32m  OK  [0m] Started ACPI Events Check.
[[0;32m  OK  [0m] Reached target Paths.
[[0;32m  OK  [0m] Listening on Open-iSCSI iscsid Socket.
[637]: |                 |
[   12.233616] cloud-init[637]: |         . .     |
[   12.236631] cloud-init         Starting LXD - unix socket.
[[0;32m  OK  [0m[637]: |    . o S   +    |
[   12.241545] cloud-init[637]: |     + O + + = o |
[   12.243320] cloud-init] Listening on ACPID Listen Socket.
[[0;32m  OK  [0m] Started Availability of block devices.
[[0;32m  OK  [0m] Listening on Socket activation for snappy daemon.
[637]: |      = % *.+ *..|
[[0;32m  OK  [0m] Listening on LXD - unix socket.
[[0;32m  OK  [0m] Reached target Sockets.
[[0;32m  OK  [0m] Reached target Basic System.
[   12.271796] cloud-init[637]: |     ..*oO== .+.+|
         Starting Accounts Service...[   12.296829] cloud-init[637]: |      o=E= oo  *X|
[   12.297722] cloud-init[637]: +----[SHA256]-----+
[   12.299116] cloud-init[637]: 
         Starting System Logging Service...
         Starting Virtualbox guest utils...
[[0;32m  OK  [0m] Started irqbalance daemon.
Generating public/private ecdsa key pair.         Starting LXD - container startup/shutdown...

[   12.323276] cloud-init[637]: Your identification has been saved in /etc/ssh/ssh_host_ecdsa_key.
[   12.340219] cloud-init[637]: Your public key has been saved in /etc/ssh/ssh_host_ecdsa_key.pub.
[   12.343309] cloud-init         Starting Dispatcher daemon for systemd-networkd...
[637]: The key fingerprint is:
[   12.369082] cloud-init[637]: SHA256:EDomTKo6wOBftrSaajugaY45E7jIhgr9akm6GdFDGHA root@ubuntu-bionic
[   12.384721] cloud-init[637]: The key's randomart image is:
[   12.388759]          Starting Pollinate to seed the pseudo random number generator...
         Starting LSB: automatic crash report generation...cloud-init
[637]: [[0;32m  OK  [0m] Started Regular background program processing daemon.
+---[ECDSA 256]---+         Starting LSB: Record successful boot for GRUB...

[[0;32m  OK  [0m] Started Deferred execution scheduler.
[[0;32m  OK  [0m] Started FUSE filesystem for LXC.
         Starting Permit User Sessions...
[   12.454647] cloud-init[637]: |+ E   .          |
         Starting Login Service...
[   12.472910] cloud-init[637]: | B   . .         |
[   12.479164] cloud-init[637]: |+ + + .          |
[   12.492154] cloud-init[637]: |=o o . .         |
[   12.493925] cloud-init[637]: |=oo  +  S        |
[   12.495469] cloud-init[637]: |*oo.+ o          |
[   12.498894] cloud-init[637]: |@*.o o           |
[   12.520404] cloud-init[637]: |%@o.o            |
[   12.522510] cloud-init[637]: |%O=+.            |
[   12.536784] cloud-init[637]: +----[SHA256]-----+
[   12.540815] cloud-init[637]: Generating public/private ed25519 key pair.
[   12.544208] cloud-init[637]: Your identification has been saved in /etc/ssh/ssh_host_ed25519_key.
         Starting Snap Daemon...
[   12.568701] cloud-init[[0;32m  OK  [0m] Started D-Bus System Message Bus.
[637]: Your public key has been saved in /etc/ssh/ssh_host_ed25519_key.pub.
[   12.609533] cloud-init[637]: The key fingerprint is:
[   12.618676] cloud-init[637]: SHA256:IsH4lyCiki5WNqaBbEZLWpj2BpTSLytID0VRc2A+Yss root@ubuntu-bionic
[   12.623253] cloud-init[637]: The key's randomart image is:
[   12.627095] cloud-init[637]: +--[ED25519 256]--+
[   12.630817] cloud-init[637]: | oooo=..         |
[   12.633878] cloud-init[637]: |o+.+o o          |
[   12.638578] cloud-init[637]: |===++o           |
[   12.645763] cloud-init[637]: |O*Bo+o..         |
[   12.660311] cloud-init[637]: |O*oEo + S        |
[   12.662804] cloud-init[637]: |B O..o .         |
[[   12.677734] cloud-init[637]: |.=               |
[0;32m  OK  [0m] Started System Logging Service.
[[   12.685983] cloud-init[637]: |o                |
[0;32m  OK  [0m] Started Permit User Sessions.
         Starting Terminate Plymouth Boot Screen...
         Starting Hold until boot process finishes up...
[   12.788354] cloud-init[637]: |                 |
[[0;32m  OK  [0m] Started Terminate Plymouth Boot Screen.
[[0;32m  OK  [0m] Started Login Service.
[   12.841980] cloud-init[637]: +----[SHA256]-----+
[[0;32m  OK  [0m] Started Unattended Upgrades Shutdown.
[[0;32m  OK  [0m] Started Hold until boot process finishes up.
[[0;32m  OK  [0m] Started Serial Getty on ttyS0.
         Starting Set console scheme...
[[0;32m  OK  [0m] Started LXD - container startup/shutdown.
[[0;32m  OK  [0m] Started Set console scheme.
[[0;32m  OK  [0m] Created slice system-getty.slice.
[[0;32m  OK  [0m] Started Getty on tty1.
[[0;32m  OK  [0m] Reached target Login Prompts.
         Starting Authorization Manager...
[[0;32m  OK  [0m] Started LSB: automatic crash report generation.
[[0;32m  OK  [0m] Started LSB: Record successful boot for GRUB.
[[0;32m  OK  [0m] Started Authorization Manager.
[[0;32m  OK  [0m] Started Accounts Service.
[[0;32m  OK  [0m] Started Virtualbox guest utils.
[[0;32m  OK  [0m] Started Dispatcher daemon for systemd-networkd.
[[0;32m  OK  [0m] Started Snap Daemon.
         Starting Wait until snapd is fully seeded...
[[0;32m  OK  [0m] Started Pollinate to seed the pseudo random number generator.
         Starting OpenBSD Secure Shell server...
[[0;32m  OK  [0m] Started OpenBSD Secure Shell server.
[[0;32m  OK  [0m] Created slice User Slice of vagrant.
[[0;32m  OK  [0m] Started Session 1 of user vagrant.
         Starting User Manager for UID 1000...
[[0;32m  OK  [0m] Started User Manager for UID 1000.
[[0;32m  OK  [0m] Started Wait until snapd is fully seeded.
         Starting Apply the settings specified in cloud-config...
[[0;32m  OK  [0m] Reached target Multi-User System.
[[0;32m  OK  [0m] Reached target Graphical Interface.
         Starting Update UTMP about System Runlevel Changes...
[[0;32m  OK  [0m] Started Update UTMP about System Runlevel Changes.
[   17.198570] cloud-init[986]: Cloud-init v. 20.3-2-g371b392c-0ubuntu1~18.04.1 running 'modules:config' at Mon, 21 Jun 2021 12:07:26 +0000. Up 16.04 seconds.
[[0;32m  OK  [0m] Started Apply the settings specified in cloud-config.
         Starting Execute cloud user/final scripts...
ci-info: no authorized SSH keys fingerprints found for user ubuntu.
<14>Jun 21 12:07:29 ec2: 
<14>Jun 21 12:07:29 ec2: #############################################################
<14>Jun 21 12:07:29 ec2: -----BEGIN SSH HOST KEY FINGERPRINTS-----
<14>Jun 21 12:07:29 ec2: 1024 SHA256:P5DKt3Q4PNIeeCB3vqc2l/PQzX//4cu8hcD2KU6osvw root@ubuntu-bionic (DSA)
<14>Jun 21 12:07:29 ec2: 256 SHA256:EDomTKo6wOBftrSaajugaY45E7jIhgr9akm6GdFDGHA root@ubuntu-bionic (ECDSA)
<14>Jun 21 12:07:29 ec2: 256 SHA256:IsH4lyCiki5WNqaBbEZLWpj2BpTSLytID0VRc2A+Yss root@ubuntu-bionic (ED25519)
<14>Jun 21 12:07:29 ec2: 2048 SHA256:WppLum3tGx7FRFS82wUHU3Oa6jepj3l7Xe5MXEMbYwA root@ubuntu-bionic (RSA)
<14>Jun 21 12:07:29 ec2: -----END SSH HOST KEY FINGERPRINTS-----
<14>Jun 21 12:07:29 ec2: #############################################################
-----BEGIN SSH HOST KEY KEYS-----
ecdsa-sha2-nistp256 AAAAE2VjZHNhLXNoYTItbmlzdHAyNTYAAAAIbmlzdHAyNTYAAABBBN27E+hRwx1unSb3grKnyl1eUxMUSayp50UyuFx0QePqH8nOWLEfVJdwmHnI9WqTGFUdanflKwLG+zPOQgt4suA= root@ubuntu-bionic
ssh-ed25519 AAAAC3NzaC1lZDI1NTE5AAAAINGgwky1/8/IoIbNWyILSPS+fIb6EUubbZP9OO+YM9DB root@ubuntu-bionic
ssh-rsa AAAAB3NzaC1yc2EAAAADAQABAAABAQDpZZgJ1ntfpFLRUcqqm2RwrqPOShkOF3exQOlR++IlYGXQ8FWkIHYUXXAPQOs3Id0q+N5KZWwvP4tibGBvr6FO7OcHk7IWQHrFQV03tRpJpR9XPA+P2Vun2z2JV9pCLnXEGneaU0YVfQ5+0EVDaaBkOUeAgjyM+9rCNvQlHrjbVymFr9R7JGMuyAfc4IggW3pc1/ZAF2ebmuBMBQclJ8Dw04dS7hK4aYDXJUDp+dE3qSuGSMmxDAyIq7R9sQJHjM2EdqOsSFzK00c2amgAfT8JMcfbW9mom3kB+VOHal9LeqrV88m+AydiDbWzpqcz3SMDKsVBqe0lWA6KOOTJkQYd root@ubuntu-bionic
-----END SSH HOST KEY KEYS-----
[   18.843364] cloud-init[1111]: Cloud-init v. 20.3-2-g371b392c-0ubuntu1~18.04.1 running 'modules:final' at Mon, 21 Jun 2021 12:07:29 +0000. Up 18.55 seconds.
[   18.843687] cloud-init[1111]: ci-info: no authorized SSH keys fingerprints found for user ubuntu.
[   18.843744] cloud-init[1111]: Cloud-init v. 20.3-2-g371b392c-0ubuntu1~18.04.1 finished at Mon, 21 Jun 2021 12:07:29 +0000. Datasource DataSourceNoCloud [seed=/dev/sdb][dsmode=net].  Up 18.83 seconds

Ubuntu 18.04.5 LTS ubuntu-bionic ttyS0

ubuntu-bionic login: 